  源.cpp
G:\code\cryptology\实验四\Project1\BigInt.h(79,20): warning C4018: “<”: 有符号/无符号不匹配
G:\code\cryptology\实验四\Project1\BigInt.h(84,20): warning C4018: “<”: 有符号/无符号不匹配
G:\code\cryptology\实验四\Project1\BigInt.h(101,20): warning C4018: “<”: 有符号/无符号不匹配
G:\code\cryptology\实验四\Project1\BigInt.h(131,20): warning C4018: “<”: 有符号/无符号不匹配
G:\code\cryptology\实验四\Project1\BigInt.h(137,20): warning C4018: “<”: 有符号/无符号不匹配
G:\code\cryptology\实验四\Project1\BigInt.h(191,20): warning C4018: “<=”: 有符号/无符号不匹配
G:\code\cryptology\实验四\Project1\BigInt.h(193,19): warning C4018: “>=”: 有符号/无符号不匹配
G:\code\cryptology\实验四\Project1\BigInt.h(193,38): warning C4018: “>=”: 有符号/无符号不匹配
G:\code\cryptology\实验四\Project1\BigInt.h(206,20): warning C4018: “<”: 有符号/无符号不匹配
G:\code\cryptology\实验四\Project1\BigInt.h(206,38): warning C4018: “>=”: 有符号/无符号不匹配
G:\code\cryptology\实验四\Project1\BigInt.h(213,20): warning C4018: “<”: 有符号/无符号不匹配
G:\code\cryptology\实验四\Project1\BigInt.h(213,38): warning C4018: “>=”: 有符号/无符号不匹配
G:\code\cryptology\实验四\Project1\BigInt.h(263,22): warning C4018: “<=”: 有符号/无符号不匹配
G:\code\cryptology\实验四\Project1\BigInt.h(284,21): warning C4018: “<”: 有符号/无符号不匹配
G:\code\cryptology\实验四\Project1\BigInt.h(307,20): warning C4018: “<”: 有符号/无符号不匹配
G:\code\cryptology\实验四\Project1\BigInt.h(330,20): warning C4018: “<”: 有符号/无符号不匹配
G:\code\cryptology\实验四\Project1\BigInt.h(332,21): warning C4018: “<=”: 有符号/无符号不匹配
G:\code\cryptology\实验四\Project1\BigInt.h(368,20): warning C4018: “<”: 有符号/无符号不匹配
G:\code\cryptology\实验四\Project1\BigInt.h(370,21): warning C4018: “<=”: 有符号/无符号不匹配
G:\code\cryptology\实验四\Project1\BigInt.h(393,20): warning C4018: “<”: 有符号/无符号不匹配
G:\code\cryptology\实验四\Project1\BigInt.h(403,21): warning C4018: “<”: 有符号/无符号不匹配
G:\code\cryptology\实验四\Project1\源.cpp(55,20): warning C4018: “<”: 有符号/无符号不匹配
G:\code\cryptology\实验四\Project1\BigInt.h(25): warning C4715: “Int2Hex”: 不是所有的控件路径都返回值
  Project1.vcxproj -> G:\code\cryptology\实验四\Project1\Debug\Project1.exe
