  源.cpp
G:\code\cryptology\大作业\clientB\clientB\BigInt.h(80,20): warning C4018: “<”: 有符号/无符号不匹配
G:\code\cryptology\大作业\clientB\clientB\BigInt.h(107,20): warning C4018: “<”: 有符号/无符号不匹配
G:\code\cryptology\大作业\clientB\clientB\BigInt.h(112,20): warning C4018: “<”: 有符号/无符号不匹配
G:\code\cryptology\大作业\clientB\clientB\BigInt.h(129,20): warning C4018: “<”: 有符号/无符号不匹配
G:\code\cryptology\大作业\clientB\clientB\BigInt.h(159,20): warning C4018: “<”: 有符号/无符号不匹配
G:\code\cryptology\大作业\clientB\clientB\BigInt.h(165,20): warning C4018: “<”: 有符号/无符号不匹配
G:\code\cryptology\大作业\clientB\clientB\BigInt.h(219,20): warning C4018: “<=”: 有符号/无符号不匹配
G:\code\cryptology\大作业\clientB\clientB\BigInt.h(221,20): warning C4018: “>=”: 有符号/无符号不匹配
G:\code\cryptology\大作业\clientB\clientB\BigInt.h(221,41): warning C4018: “>=”: 有符号/无符号不匹配
G:\code\cryptology\大作业\clientB\clientB\BigInt.h(234,21): warning C4018: “<”: 有符号/无符号不匹配
G:\code\cryptology\大作业\clientB\clientB\BigInt.h(234,41): warning C4018: “>=”: 有符号/无符号不匹配
G:\code\cryptology\大作业\clientB\clientB\BigInt.h(241,21): warning C4018: “<”: 有符号/无符号不匹配
G:\code\cryptology\大作业\clientB\clientB\BigInt.h(241,41): warning C4018: “>=”: 有符号/无符号不匹配
G:\code\cryptology\大作业\clientB\clientB\BigInt.h(291,22): warning C4018: “<=”: 有符号/无符号不匹配
G:\code\cryptology\大作业\clientB\clientB\BigInt.h(312,21): warning C4018: “<”: 有符号/无符号不匹配
G:\code\cryptology\大作业\clientB\clientB\BigInt.h(335,20): warning C4018: “<”: 有符号/无符号不匹配
G:\code\cryptology\大作业\clientB\clientB\BigInt.h(358,20): warning C4018: “<”: 有符号/无符号不匹配
G:\code\cryptology\大作业\clientB\clientB\BigInt.h(360,21): warning C4018: “<=”: 有符号/无符号不匹配
G:\code\cryptology\大作业\clientB\clientB\BigInt.h(396,20): warning C4018: “<”: 有符号/无符号不匹配
G:\code\cryptology\大作业\clientB\clientB\BigInt.h(398,21): warning C4018: “<=”: 有符号/无符号不匹配
G:\code\cryptology\大作业\clientB\clientB\BigInt.h(421,20): warning C4018: “<”: 有符号/无符号不匹配
G:\code\cryptology\大作业\clientB\clientB\BigInt.h(431,21): warning C4018: “<”: 有符号/无符号不匹配
G:\code\cryptology\大作业\clientB\clientB\BigInt.h(462,20): warning C4018: “<”: 有符号/无符号不匹配
G:\code\cryptology\大作业\clientB\clientB\BigInt.h(679,20): warning C4018: “<”: 有符号/无符号不匹配
G:\code\cryptology\大作业\clientB\clientB\BigInt.h(720,20): warning C4018: “<”: 有符号/无符号不匹配
G:\code\cryptology\大作业\clientB\clientB\BigInt.h(739,20): warning C4018: “<”: 有符号/无符号不匹配
G:\code\cryptology\大作业\clientB\clientB\BigInt.h(747,20): warning C4018: “<”: 有符号/无符号不匹配
G:\code\cryptology\大作业\clientB\clientB\RSA.h(63,20): warning C4018: “<”: 有符号/无符号不匹配
G:\code\cryptology\大作业\clientB\clientB\RSA.h(157,21): warning C4018: “<=”: 有符号/无符号不匹配
G:\code\cryptology\大作业\clientB\clientB\RSA.h(158,14): warning C4018: “>=”: 有符号/无符号不匹配
G:\code\cryptology\大作业\clientB\clientB\RSA.h(163,21): warning C4018: “<”: 有符号/无符号不匹配
G:\code\cryptology\大作业\clientB\clientB\RSA.h(185,21): warning C4018: “<”: 有符号/无符号不匹配
G:\code\cryptology\大作业\clientB\clientB\RSA.h(202,21): warning C4018: “<=”: 有符号/无符号不匹配
G:\code\cryptology\大作业\clientB\clientB\RSA.h(203,14): warning C4018: “>=”: 有符号/无符号不匹配
G:\code\cryptology\大作业\clientB\clientB\RSA.h(208,21): warning C4018: “<”: 有符号/无符号不匹配
G:\code\cryptology\大作业\clientB\clientB\RSA.h(234,21): warning C4018: “<”: 有符号/无符号不匹配
G:\code\cryptology\大作业\clientB\clientB\RSA.h(251,21): warning C4018: “<=”: 有符号/无符号不匹配
G:\code\cryptology\大作业\clientB\clientB\RSA.h(252,14): warning C4018: “>=”: 有符号/无符号不匹配
G:\code\cryptology\大作业\clientB\clientB\RSA.h(257,21): warning C4018: “<”: 有符号/无符号不匹配
G:\code\cryptology\大作业\clientB\clientB\RSA.h(283,21): warning C4018: “<”: 有符号/无符号不匹配
G:\code\cryptology\大作业\clientB\clientB\RSA.h(328,20): warning C4018: “<”: 有符号/无符号不匹配
G:\code\cryptology\大作业\clientB\clientB\AES.h(198,29): warning C4244: “+=”: 从“double”转换到“int”，可能丢失数据
G:\code\cryptology\大作业\clientB\clientB\AES.h(244,20): warning C4018: “<=”: 有符号/无符号不匹配
G:\code\cryptology\大作业\clientB\clientB\AES.h(245,9): warning C4018: “<=”: 有符号/无符号不匹配
G:\code\cryptology\大作业\clientB\clientB\AES.h(336,20): warning C4018: “<”: 有符号/无符号不匹配
G:\code\cryptology\大作业\clientB\clientB\AES.h(351,20): warning C4018: “<”: 有符号/无符号不匹配
G:\code\cryptology\大作业\clientB\clientB\AES.h(366,20): warning C4018: “<”: 有符号/无符号不匹配
G:\code\cryptology\大作业\clientB\clientB\AES.h(1106,20): warning C4018: “<”: 有符号/无符号不匹配
G:\code\cryptology\大作业\clientB\clientB\AES.h(1108,20): warning C4305: “参数”: 从“int”到“const _Elem”截断
          with
          [
              _Elem=char
          ]
G:\code\cryptology\大作业\clientB\clientB\AES.h(1108,15): warning C4309: “参数”: 截断常量值
G:\code\cryptology\大作业\clientB\clientB\AES.h(1116,20): warning C4018: “<”: 有符号/无符号不匹配
G:\code\cryptology\大作业\clientB\clientB\AES.h(1139,21): warning C4018: “<=”: 有符号/无符号不匹配
G:\code\cryptology\大作业\clientB\clientB\AES.h(1145,20): warning C4018: “<”: 有符号/无符号不匹配
G:\code\cryptology\大作业\clientB\clientB\AES.h(1211,21): warning C4018: “<”: 有符号/无符号不匹配
G:\code\cryptology\大作业\clientB\clientB\AES.h(1216,21): warning C4018: “<”: 有符号/无符号不匹配
G:\code\cryptology\大作业\clientB\clientB\AES.h(1220,21): warning C4018: “<”: 有符号/无符号不匹配
G:\code\cryptology\大作业\clientB\clientB\AES.h(1273,21): warning C4018: “<”: 有符号/无符号不匹配
G:\code\cryptology\大作业\clientB\clientB\AES.h(1278,21): warning C4018: “<”: 有符号/无符号不匹配
G:\code\cryptology\大作业\clientB\clientB\dealFile.h(32,20): warning C4018: “<”: 有符号/无符号不匹配
G:\code\cryptology\大作业\clientB\clientB\dealFile.h(74,20): warning C4018: “<”: 有符号/无符号不匹配
G:\code\cryptology\大作业\clientB\clientB\源.cpp(13,20): warning C4018: “<”: 有符号/无符号不匹配
G:\code\cryptology\大作业\clientB\clientB\源.cpp(97,20): warning C4018: “<”: 有符号/无符号不匹配
G:\code\cryptology\大作业\clientB\clientB\源.cpp(103,20): warning C4018: “<”: 有符号/无符号不匹配
G:\code\cryptology\大作业\clientB\clientB\BigInt.h(26): warning C4715: “Int2Hex”: 不是所有的控件路径都返回值
G:\code\cryptology\大作业\clientB\clientB\AES.h(106): warning C4715: “Binary2Hex”: 不是所有的控件路径都返回值
G:\code\cryptology\大作业\clientB\clientB\AES.h(125): warning C4715: “Hex2Binary”: 不是所有的控件路径都返回值
G:\code\cryptology\大作业\clientB\clientB\AES.h(209): warning C4715: “CharAddb”: 不是所有的控件路径都返回值
G:\code\cryptology\大作业\clientB\clientB\源.cpp(118): warning C4715: “AllocKey”: 不是所有的控件路径都返回值
  clientB.vcxproj -> G:\code\cryptology\大作业\clientB\clientB\Debug\clientB.exe
