  源.cpp
G:\code\cryptology\大作业\clientA\clientA\BigInt.h(80,20): warning C4018: “<”: 有符号/无符号不匹配
G:\code\cryptology\大作业\clientA\clientA\BigInt.h(107,20): warning C4018: “<”: 有符号/无符号不匹配
G:\code\cryptology\大作业\clientA\clientA\BigInt.h(112,20): warning C4018: “<”: 有符号/无符号不匹配
G:\code\cryptology\大作业\clientA\clientA\BigInt.h(129,20): warning C4018: “<”: 有符号/无符号不匹配
G:\code\cryptology\大作业\clientA\clientA\BigInt.h(159,20): warning C4018: “<”: 有符号/无符号不匹配
G:\code\cryptology\大作业\clientA\clientA\BigInt.h(165,20): warning C4018: “<”: 有符号/无符号不匹配
G:\code\cryptology\大作业\clientA\clientA\BigInt.h(219,20): warning C4018: “<=”: 有符号/无符号不匹配
G:\code\cryptology\大作业\clientA\clientA\BigInt.h(221,20): warning C4018: “>=”: 有符号/无符号不匹配
G:\code\cryptology\大作业\clientA\clientA\BigInt.h(221,41): warning C4018: “>=”: 有符号/无符号不匹配
G:\code\cryptology\大作业\clientA\clientA\BigInt.h(234,21): warning C4018: “<”: 有符号/无符号不匹配
G:\code\cryptology\大作业\clientA\clientA\BigInt.h(234,41): warning C4018: “>=”: 有符号/无符号不匹配
G:\code\cryptology\大作业\clientA\clientA\BigInt.h(241,21): warning C4018: “<”: 有符号/无符号不匹配
G:\code\cryptology\大作业\clientA\clientA\BigInt.h(241,41): warning C4018: “>=”: 有符号/无符号不匹配
G:\code\cryptology\大作业\clientA\clientA\BigInt.h(291,22): warning C4018: “<=”: 有符号/无符号不匹配
G:\code\cryptology\大作业\clientA\clientA\BigInt.h(312,21): warning C4018: “<”: 有符号/无符号不匹配
G:\code\cryptology\大作业\clientA\clientA\BigInt.h(335,20): warning C4018: “<”: 有符号/无符号不匹配
G:\code\cryptology\大作业\clientA\clientA\BigInt.h(358,20): warning C4018: “<”: 有符号/无符号不匹配
G:\code\cryptology\大作业\clientA\clientA\BigInt.h(360,21): warning C4018: “<=”: 有符号/无符号不匹配
G:\code\cryptology\大作业\clientA\clientA\BigInt.h(396,20): warning C4018: “<”: 有符号/无符号不匹配
G:\code\cryptology\大作业\clientA\clientA\BigInt.h(398,21): warning C4018: “<=”: 有符号/无符号不匹配
G:\code\cryptology\大作业\clientA\clientA\BigInt.h(421,20): warning C4018: “<”: 有符号/无符号不匹配
G:\code\cryptology\大作业\clientA\clientA\BigInt.h(431,21): warning C4018: “<”: 有符号/无符号不匹配
G:\code\cryptology\大作业\clientA\clientA\BigInt.h(462,20): warning C4018: “<”: 有符号/无符号不匹配
G:\code\cryptology\大作业\clientA\clientA\BigInt.h(679,20): warning C4018: “<”: 有符号/无符号不匹配
G:\code\cryptology\大作业\clientA\clientA\BigInt.h(720,20): warning C4018: “<”: 有符号/无符号不匹配
G:\code\cryptology\大作业\clientA\clientA\BigInt.h(739,20): warning C4018: “<”: 有符号/无符号不匹配
G:\code\cryptology\大作业\clientA\clientA\BigInt.h(748,20): warning C4018: “<”: 有符号/无符号不匹配
G:\code\cryptology\大作业\clientA\clientA\RSA.h(63,20): warning C4018: “<”: 有符号/无符号不匹配
G:\code\cryptology\大作业\clientA\clientA\RSA.h(158,21): warning C4018: “<=”: 有符号/无符号不匹配
G:\code\cryptology\大作业\clientA\clientA\RSA.h(159,14): warning C4018: “>=”: 有符号/无符号不匹配
G:\code\cryptology\大作业\clientA\clientA\RSA.h(164,21): warning C4018: “<”: 有符号/无符号不匹配
G:\code\cryptology\大作业\clientA\clientA\RSA.h(187,21): warning C4018: “<”: 有符号/无符号不匹配
G:\code\cryptology\大作业\clientA\clientA\RSA.h(204,21): warning C4018: “<=”: 有符号/无符号不匹配
G:\code\cryptology\大作业\clientA\clientA\RSA.h(205,14): warning C4018: “>=”: 有符号/无符号不匹配
G:\code\cryptology\大作业\clientA\clientA\RSA.h(210,21): warning C4018: “<”: 有符号/无符号不匹配
G:\code\cryptology\大作业\clientA\clientA\RSA.h(236,21): warning C4018: “<”: 有符号/无符号不匹配
G:\code\cryptology\大作业\clientA\clientA\RSA.h(253,21): warning C4018: “<=”: 有符号/无符号不匹配
G:\code\cryptology\大作业\clientA\clientA\RSA.h(254,14): warning C4018: “>=”: 有符号/无符号不匹配
G:\code\cryptology\大作业\clientA\clientA\RSA.h(259,21): warning C4018: “<”: 有符号/无符号不匹配
G:\code\cryptology\大作业\clientA\clientA\RSA.h(285,21): warning C4018: “<”: 有符号/无符号不匹配
G:\code\cryptology\大作业\clientA\clientA\RSA.h(330,20): warning C4018: “<”: 有符号/无符号不匹配
G:\code\cryptology\大作业\clientA\clientA\源.cpp(11,20): warning C4018: “<”: 有符号/无符号不匹配
G:\code\cryptology\大作业\clientA\clientA\源.cpp(70,11): warning C4018: “<”: 有符号/无符号不匹配
G:\code\cryptology\大作业\clientA\clientA\源.cpp(74,20): warning C4018: “<”: 有符号/无符号不匹配
G:\code\cryptology\大作业\clientA\clientA\源.cpp(90,11): warning C4018: “<”: 有符号/无符号不匹配
G:\code\cryptology\大作业\clientA\clientA\源.cpp(94,20): warning C4018: “<”: 有符号/无符号不匹配
G:\code\cryptology\大作业\clientA\clientA\BigInt.h(26): warning C4715: “Int2Hex”: 不是所有的控件路径都返回值
G:\code\cryptology\大作业\clientA\clientA\源.cpp(108): warning C4715: “allocKey”: 不是所有的控件路径都返回值
  clientA.vcxproj -> G:\code\cryptology\大作业\clientA\clientA\Debug\clientA.exe
