  源.cpp
G:\code\cryptology\大作业\clientA\clientA\BigInt.h(80,20): warning C4018: “<”: 有符号/无符号不匹配
G:\code\cryptology\大作业\clientA\clientA\BigInt.h(107,20): warning C4018: “<”: 有符号/无符号不匹配
G:\code\cryptology\大作业\clientA\clientA\BigInt.h(112,20): warning C4018: “<”: 有符号/无符号不匹配
G:\code\cryptology\大作业\clientA\clientA\BigInt.h(129,20): warning C4018: “<”: 有符号/无符号不匹配
G:\code\cryptology\大作业\clientA\clientA\BigInt.h(159,20): warning C4018: “<”: 有符号/无符号不匹配
G:\code\cryptology\大作业\clientA\clientA\BigInt.h(165,20): warning C4018: “<”: 有符号/无符号不匹配
G:\code\cryptology\大作业\clientA\clientA\BigInt.h(219,20): warning C4018: “<=”: 有符号/无符号不匹配
G:\code\cryptology\大作业\clientA\clientA\BigInt.h(221,20): warning C4018: “>=”: 有符号/无符号不匹配
G:\code\cryptology\大作业\clientA\clientA\BigInt.h(221,41): warning C4018: “>=”: 有符号/无符号不匹配
G:\code\cryptology\大作业\clientA\clientA\BigInt.h(234,21): warning C4018: “<”: 有符号/无符号不匹配
G:\code\cryptology\大作业\clientA\clientA\BigInt.h(234,41): warning C4018: “>=”: 有符号/无符号不匹配
G:\code\cryptology\大作业\clientA\clientA\BigInt.h(241,21): warning C4018: “<”: 有符号/无符号不匹配
G:\code\cryptology\大作业\clientA\clientA\BigInt.h(241,41): warning C4018: “>=”: 有符号/无符号不匹配
G:\code\cryptology\大作业\clientA\clientA\BigInt.h(291,22): warning C4018: “<=”: 有符号/无符号不匹配
G:\code\cryptology\大作业\clientA\clientA\BigInt.h(312,21): warning C4018: “<”: 有符号/无符号不匹配
G:\code\cryptology\大作业\clientA\clientA\BigInt.h(335,20): warning C4018: “<”: 有符号/无符号不匹配
G:\code\cryptology\大作业\clientA\clientA\BigInt.h(358,20): warning C4018: “<”: 有符号/无符号不匹配
G:\code\cryptology\大作业\clientA\clientA\BigInt.h(360,21): warning C4018: “<=”: 有符号/无符号不匹配
G:\code\cryptology\大作业\clientA\clientA\BigInt.h(396,20): warning C4018: “<”: 有符号/无符号不匹配
G:\code\cryptology\大作业\clientA\clientA\BigInt.h(398,21): warning C4018: “<=”: 有符号/无符号不匹配
G:\code\cryptology\大作业\clientA\clientA\BigInt.h(421,20): warning C4018: “<”: 有符号/无符号不匹配
G:\code\cryptology\大作业\clientA\clientA\BigInt.h(431,21): warning C4018: “<”: 有符号/无符号不匹配
G:\code\cryptology\大作业\clientA\clientA\BigInt.h(462,20): warning C4018: “<”: 有符号/无符号不匹配
G:\code\cryptology\大作业\clientA\clientA\BigInt.h(679,20): warning C4018: “<”: 有符号/无符号不匹配
G:\code\cryptology\大作业\clientA\clientA\BigInt.h(720,20): warning C4018: “<”: 有符号/无符号不匹配
G:\code\cryptology\大作业\clientA\clientA\BigInt.h(739,20): warning C4018: “<”: 有符号/无符号不匹配
G:\code\cryptology\大作业\clientA\clientA\BigInt.h(748,20): warning C4018: “<”: 有符号/无符号不匹配
G:\code\cryptology\大作业\clientA\clientA\RSA.h(75,20): warning C4018: “<”: 有符号/无符号不匹配
G:\code\cryptology\大作业\clientA\clientA\RSA.h(170,21): warning C4018: “<=”: 有符号/无符号不匹配
G:\code\cryptology\大作业\clientA\clientA\RSA.h(171,14): warning C4018: “>=”: 有符号/无符号不匹配
G:\code\cryptology\大作业\clientA\clientA\RSA.h(176,21): warning C4018: “<”: 有符号/无符号不匹配
G:\code\cryptology\大作业\clientA\clientA\RSA.h(199,21): warning C4018: “<”: 有符号/无符号不匹配
G:\code\cryptology\大作业\clientA\clientA\RSA.h(216,21): warning C4018: “<=”: 有符号/无符号不匹配
G:\code\cryptology\大作业\clientA\clientA\RSA.h(217,14): warning C4018: “>=”: 有符号/无符号不匹配
G:\code\cryptology\大作业\clientA\clientA\RSA.h(222,21): warning C4018: “<”: 有符号/无符号不匹配
G:\code\cryptology\大作业\clientA\clientA\RSA.h(248,21): warning C4018: “<”: 有符号/无符号不匹配
G:\code\cryptology\大作业\clientA\clientA\RSA.h(265,21): warning C4018: “<=”: 有符号/无符号不匹配
G:\code\cryptology\大作业\clientA\clientA\RSA.h(266,14): warning C4018: “>=”: 有符号/无符号不匹配
G:\code\cryptology\大作业\clientA\clientA\RSA.h(271,21): warning C4018: “<”: 有符号/无符号不匹配
G:\code\cryptology\大作业\clientA\clientA\RSA.h(297,21): warning C4018: “<”: 有符号/无符号不匹配
G:\code\cryptology\大作业\clientA\clientA\RSA.h(342,20): warning C4018: “<”: 有符号/无符号不匹配
G:\code\cryptology\大作业\clientA\clientA\dealFile.h(32,23): warning C4018: “<”: 有符号/无符号不匹配
G:\code\cryptology\大作业\clientA\clientA\dealFile.h(74,20): warning C4018: “<”: 有符号/无符号不匹配
G:\code\cryptology\大作业\clientA\clientA\AES.h(198,29): warning C4244: “+=”: 从“double”转换到“int”，可能丢失数据
G:\code\cryptology\大作业\clientA\clientA\AES.h(244,20): warning C4018: “<=”: 有符号/无符号不匹配
G:\code\cryptology\大作业\clientA\clientA\AES.h(245,9): warning C4018: “<=”: 有符号/无符号不匹配
G:\code\cryptology\大作业\clientA\clientA\AES.h(336,20): warning C4018: “<”: 有符号/无符号不匹配
G:\code\cryptology\大作业\clientA\clientA\AES.h(351,20): warning C4018: “<”: 有符号/无符号不匹配
G:\code\cryptology\大作业\clientA\clientA\AES.h(366,20): warning C4018: “<”: 有符号/无符号不匹配
G:\code\cryptology\大作业\clientA\clientA\AES.h(1107,20): warning C4018: “<”: 有符号/无符号不匹配
G:\code\cryptology\大作业\clientA\clientA\AES.h(1109,20): warning C4305: “参数”: 从“int”到“const _Elem”截断
          with
          [
              _Elem=char
          ]
G:\code\cryptology\大作业\clientA\clientA\AES.h(1109,15): warning C4309: “参数”: 截断常量值
G:\code\cryptology\大作业\clientA\clientA\AES.h(1117,20): warning C4018: “<”: 有符号/无符号不匹配
G:\code\cryptology\大作业\clientA\clientA\AES.h(1140,21): warning C4018: “<=”: 有符号/无符号不匹配
G:\code\cryptology\大作业\clientA\clientA\AES.h(1146,20): warning C4018: “<”: 有符号/无符号不匹配
G:\code\cryptology\大作业\clientA\clientA\AES.h(1211,16): warning C4018: “<”: 有符号/无符号不匹配
G:\code\cryptology\大作业\clientA\clientA\AES.h(1216,21): warning C4018: “<”: 有符号/无符号不匹配
G:\code\cryptology\大作业\clientA\clientA\AES.h(1220,21): warning C4018: “<”: 有符号/无符号不匹配
G:\code\cryptology\大作业\clientA\clientA\AES.h(1274,21): warning C4018: “<”: 有符号/无符号不匹配
G:\code\cryptology\大作业\clientA\clientA\AES.h(1279,16): warning C4018: “<”: 有符号/无符号不匹配
G:\code\cryptology\大作业\clientA\clientA\源.cpp(84,11): warning C4018: “<”: 有符号/无符号不匹配
G:\code\cryptology\大作业\clientA\clientA\源.cpp(88,20): warning C4018: “<”: 有符号/无符号不匹配
G:\code\cryptology\大作业\clientA\clientA\源.cpp(104,11): warning C4018: “<”: 有符号/无符号不匹配
G:\code\cryptology\大作业\clientA\clientA\源.cpp(108,20): warning C4018: “<”: 有符号/无符号不匹配
G:\code\cryptology\大作业\clientA\clientA\BigInt.h(26): warning C4715: “Int2Hex”: 不是所有的控件路径都返回值
G:\code\cryptology\大作业\clientA\clientA\AES.h(106): warning C4715: “Binary2Hex”: 不是所有的控件路径都返回值
G:\code\cryptology\大作业\clientA\clientA\AES.h(125): warning C4715: “Hex2Binary”: 不是所有的控件路径都返回值
G:\code\cryptology\大作业\clientA\clientA\AES.h(209): warning C4715: “CharAddb”: 不是所有的控件路径都返回值
G:\code\cryptology\大作业\clientA\clientA\源.cpp(125): warning C4715: “allocKey”: 不是所有的控件路径都返回值
  clientA.vcxproj -> G:\code\cryptology\大作业\clientA\clientA\Debug\clientA.exe
